Arguments: 
  C:\Program Files\nodejs\node.exe C:\Users\DELL\AppData\Roaming\npm\node_modules\yarn\bin\yarn.js start

PATH: 
  C:\Program Files\Common Files\Oracle\Java\javapath;C:\Windows\system32;C:\Windows;C:\Windows\System32\Wbem;C:\Windows\System32\WindowsPowerShell\v1.0\;C:\Windows\System32\OpenSSH\;C:\Program Files\NVIDIA Corporation\NVIDIA NvDLISR;C:\Program Files\Java\jdk-17\bin;C:\Program Files\dotnet\;C:\WINDOWS\system32;C:\WINDOWS;C:\WINDOWS\System32\Wbem;C:\WINDOWS\System32\WindowsPowerShell\v1.0\;C:\WINDOWS\System32\OpenSSH\;C:\Users\DELL\AppData\Roaming\npm;C:\Users\DELL\AppData\Roaming\npm\node_modules\@angular\cli\bin;C:\Program Files\nodejs\;D:\Git\cmd;C:\Users\DELL\AppData\Local\Microsoft\WindowsApps;C:\Users\DELL\AppData\Local\Programs\Microsoft VS Code\bin;C:\MinGW\bin;C:\Users\DELL\AppData\Roaming\npm;C:\Users\DELL\AppData\Roaming\npm\node_modules\@angular\cli\bin;C:\Program Files\MongoDB\Server\4.4\bin;

Yarn version: 
  1.22.19

Node version: 
  16.16.0

Platform: 
  win32 x64

Trace: 
  SyntaxError: D:\Internship @Yougetplaced\Stackoverflow_clone\package.json: Unexpected string in JSON at position 68
      at JSON.parse (<anonymous>)
      at C:\Users\DELL\AppData\Roaming\npm\node_modules\yarn\lib\cli.js:1629:59
      at Generator.next (<anonymous>)
      at step (C:\Users\DELL\AppData\Roaming\npm\node_modules\yarn\lib\cli.js:310:30)
      at C:\Users\DELL\AppData\Roaming\npm\node_modules\yarn\lib\cli.js:321:13

npm manifest: 
  {
    "devDependencies": {
      "eslint-plugin-react": "^7.32.2"
    }
    "scripts": {
      "start": "react-scripts start",
      "test": "(eslint lib || true) && jest"
    }
  }

yarn manifest: 
  No manifest

Lockfile: 
  No lockfile
